# JRE version: OpenJDK Runtime Environment (8.0_272-b10) (build 1.8.0_272-b10)
# Java VM: OpenJDK 64-Bit Server VM (25.272-b10 mixed mode linux-amd64 compressed oops)
Heap:
 PSYoungGen      total 326144K, used 15867K [0x00000000e3100000, 0x00000000f7f00000, 0x0000000100000000)
  eden space 310272K, 0% used [0x00000000e3100000,0x00000000e3100000,0x00000000f6000000)
  from space 15872K, 99% used [0x00000000f6000000,0x00000000f6f7efd0,0x00000000f6f80000)
  to   space 13312K, 0% used [0x00000000f7200000,0x00000000f7200000,0x00000000f7f00000)
 ParOldGen       total 53760K, used 18382K [0x00000000a9200000, 0x00000000ac680000, 0x00000000e3100000)
  object space 53760K, 34% used [0x00000000a9200000,0x00000000aa3f3a20,0x00000000ac680000)
 Metaspace       used 75697K, capacity 76272K, committed 76416K, reserved 1114112K
  class space    used 10930K, capacity 11074K, committed 11136K, reserved 1048576K
GC Heap History (23 events):
Event: 5.821 GC heap before
{Heap before GC invocations=1 (full 0):
 PSYoungGen      total 26112K, used 22528K [0x00000000e3100000, 0x00000000e4e00000, 0x0000000100000000)
  eden space 22528K, 100% used [0x00000000e3100000,0x00000000e4700000,0x00000000e4700000)
  from space 3584K, 0% used [0x00000000e4a80000,0x00000000e4a80000,0x00000000e4e00000)
  to   space 3584K, 0% used [0x00000000e4700000,0x00000000e4700000,0x00000000e4a80000)
 ParOldGen       total 60416K, used 0K [0x00000000a9200000, 0x00000000acd00000, 0x00000000e3100000)
  object space 60416K, 0% used [0x00000000a9200000,0x00000000a9200000,0x00000000acd00000)
 Metaspace       used 10773K, capacity 10812K, committed 11008K, reserved 1058816K
  class space    used 1437K, capacity 1448K, committed 1536K, reserved 1048576K
Event: 5.885 GC heap after
Heap after GC invocations=1 (full 0):
 PSYoungGen      total 26112K, used 3583K [0x00000000e3100000, 0x00000000e6400000, 0x0000000100000000)
  eden space 22528K, 0% used [0x00000000e3100000,0x00000000e3100000,0x00000000e4700000)
  from space 3584K, 99% used [0x00000000e4700000,0x00000000e4a7fc68,0x00000000e4a80000)
  to   space 3584K, 0% used [0x00000000e6080000,0x00000000e6080000,0x00000000e6400000)
 ParOldGen       total 60416K, used 345K [0x00000000a9200000, 0x00000000acd00000, 0x00000000e3100000)
  object space 60416K, 0% used [0x00000000a9200000,0x00000000a92566f0,0x00000000acd00000)
 Metaspace       used 10773K, capacity 10812K, committed 11008K, reserved 1058816K
  class space    used 1437K, capacity 1448K, committed 1536K, reserved 1048576K
}
Event: 6.419 GC heap before
{Heap before GC invocations=2 (full 0):
 PSYoungGen      total 26112K, used 26111K [0x00000000e3100000, 0x00000000e6400000, 0x0000000100000000)
  eden space 22528K, 100% used [0x00000000e3100000,0x00000000e4700000,0x00000000e4700000)
  from space 3584K, 99% used [0x00000000e4700000,0x00000000e4a7fc68,0x00000000e4a80000)
  to   space 3584K, 0% used [0x00000000e6080000,0x00000000e6080000,0x00000000e6400000)
 ParOldGen       total 60416K, used 345K [0x00000000a9200000, 0x00000000acd00000, 0x00000000e3100000)
  object space 60416K, 0% used [0x00000000a9200000,0x00000000a92566f0,0x00000000acd00000)
 Metaspace       used 13518K, capacity 13660K, committed 13952K, reserved 1060864K
  class space    used 1803K, capacity 1864K, committed 1920K, reserved 1048576K
Event: 6.441 GC heap after
Heap after GC invocations=2 (full 0):
 PSYoungGen      total 48640K, used 3567K [0x00000000e3100000, 0x00000000e6400000, 0x0000000100000000)
  eden space 45056K, 0% used [0x00000000e3100000,0x00000000e3100000,0x00000000e5d00000)
  from space 3584K, 99% used [0x00000000e6080000,0x00000000e63fbdd0,0x00000000e6400000)
  to   space 3584K, 0% used [0x00000000e5d00000,0x00000000e5d00000,0x00000000e6080000)
 ParOldGen       total 60416K, used 1479K [0x00000000a9200000, 0x00000000acd00000, 0x00000000e3100000)
  object space 60416K, 2% used [0x00000000a9200000,0x00000000a9371d78,0x00000000acd00000)
 Metaspace       used 13518K, capacity 13660K, committed 13952K, reserved 1060864K
  class space    used 1803K, capacity 1864K, committed 1920K, reserved 1048576K
}
Event: 7.465 GC heap before
{Heap before GC invocations=3 (full 0):
 PSYoungGen      total 48640K, used 48623K [0x00000000e3100000, 0x00000000e6400000, 0x0000000100000000)
  eden space 45056K, 100% used [0x00000000e3100000,0x00000000e5d00000,0x00000000e5d00000)
  from space 3584K, 99% used [0x00000000e6080000,0x00000000e63fbdd0,0x00000000e6400000)
  to   space 3584K, 0% used [0x00000000e5d00000,0x00000000e5d00000,0x00000000e6080000)
 ParOldGen       total 60416K, used 1479K [0x00000000a9200000, 0x00000000acd00000, 0x00000000e3100000)
  object space 60416K, 2% used [0x00000000a9200000,0x00000000a9371d78,0x00000000acd00000)
 Metaspace       used 17442K, capacity 17576K, committed 17792K, reserved 1064960K
  class space    used 2341K, capacity 2398K, committed 2432K, reserved 1048576K
Event: 7.708 GC heap after
Heap after GC invocations=3 (full 0):
 PSYoungGen      total 48640K, used 3573K [0x00000000e3100000, 0x00000000e9000000, 0x0000000100000000)
  eden space 45056K, 0% used [0x00000000e3100000,0x00000000e3100000,0x00000000e5d00000)
  from space 3584K, 99% used [0x00000000e5d00000,0x00000000e607d780,0x00000000e6080000)
  to   space 3584K, 0% used [0x00000000e8c80000,0x00000000e8c80000,0x00000000e9000000)
 ParOldGen       total 60416K, used 3708K [0x00000000a9200000, 0x00000000acd00000, 0x00000000e3100000)
  object space 60416K, 6% used [0x00000000a9200000,0x00000000a959f3d0,0x00000000acd00000)
 Metaspace       used 17442K, capacity 17576K, committed 17792K, reserved 1064960K
  class space    used 2341K, capacity 2398K, committed 2432K, reserved 1048576K
}
Event: 8.452 GC heap before
{Heap before GC invocations=4 (full 0):
 PSYoungGen      total 48640K, used 30047K [0x00000000e3100000, 0x00000000e9000000, 0x0000000100000000)
  eden space 45056K, 58% used [0x00000000e3100000,0x00000000e4ada7a8,0x00000000e5d00000)
  from space 3584K, 99% used [0x00000000e5d00000,0x00000000e607d780,0x00000000e6080000)
  to   space 3584K, 0% used [0x00000000e8c80000,0x00000000e8c80000,0x00000000e9000000)
 ParOldGen       total 60416K, used 3708K [0x00000000a9200000, 0x00000000acd00000, 0x00000000e3100000)
  object space 60416K, 6% used [0x00000000a9200000,0x00000000a959f3d0,0x00000000acd00000)
 Metaspace       used 20910K, capacity 21110K, committed 21296K, reserved 1067008K
  class space    used 2817K, capacity 2913K, committed 2944K, reserved 1048576K
Event: 8.464 GC heap after
Heap after GC invocations=4 (full 0):
 PSYoungGen      total 93696K, used 3580K [0x00000000e3100000, 0x00000000e9000000, 0x0000000100000000)
  eden space 90112K, 0% used [0x00000000e3100000,0x00000000e3100000,0x00000000e8900000)
  from space 3584K, 99% used [0x00000000e8c80000,0x00000000e8fff3c0,0x00000000e9000000)
  to   space 3584K, 0% used [0x00000000e8900000,0x00000000e8900000,0x00000000e8c80000)
 ParOldGen       total 60416K, used 6084K [0x00000000a9200000, 0x00000000acd00000, 0x00000000e3100000)
  object space 60416K, 10% used [0x00000000a9200000,0x00000000a97f1088,0x00000000acd00000)
 Metaspace       used 20910K, capacity 21110K, committed 21296K, reserved 1067008K
  class space    used 2817K, capacity 2913K, committed 2944K, reserved 1048576K
}
Event: 8.465 GC heap before
{Heap before GC invocations=5 (full 1):
 PSYoungGen      total 93696K, used 3580K [0x00000000e3100000, 0x00000000e9000000, 0x0000000100000000)
  eden space 90112K, 0% used [0x00000000e3100000,0x00000000e3100000,0x00000000e8900000)
  from space 3584K, 99% used [0x00000000e8c80000,0x00000000e8fff3c0,0x00000000e9000000)
  to   space 3584K, 0% used [0x00000000e8900000,0x00000000e8900000,0x00000000e8c80000)
 ParOldGen       total 60416K, used 6084K [0x00000000a9200000, 0x00000000acd00000, 0x00000000e3100000)
  object space 60416K, 10% used [0x00000000a9200000,0x00000000a97f1088,0x00000000acd00000)
 Metaspace       used 20910K, capacity 21110K, committed 21296K, reserved 1067008K
  class space    used 2817K, capacity 2913K, committed 2944K, reserved 1048576K
Event: 8.524 GC heap after
Heap after GC invocations=5 (full 1):
 PSYoungGen      total 93696K, used 0K [0x00000000e3100000, 0x00000000e9000000, 0x0000000100000000)
  eden space 90112K, 0% used [0x00000000e3100000,0x00000000e3100000,0x00000000e8900000)
  from space 3584K, 0% used [0x00000000e8c80000,0x00000000e8c80000,0x00000000e9000000)
  to   space 3584K, 0% used [0x00000000e8900000,0x00000000e8900000,0x00000000e8c80000)
 ParOldGen       total 34304K, used 5915K [0x00000000a9200000, 0x00000000ab380000, 0x00000000e3100000)
  object space 34304K, 17% used [0x00000000a9200000,0x00000000a97c6d68,0x00000000ab380000)
 Metaspace       used 20910K, capacity 21110K, committed 21296K, reserved 1067008K
  class space    used 2817K, capacity 2913K, committed 2944K, reserved 1048576K
}
Event: 10.365 GC heap before
{Heap before GC invocations=6 (full 1):
 PSYoungGen      total 93696K, used 90112K [0x00000000e3100000, 0x00000000e9000000, 0x0000000100000000)
  eden space 90112K, 100% used [0x00000000e3100000,0x00000000e8900000,0x00000000e8900000)
  from space 3584K, 0% used [0x00000000e8c80000,0x00000000e8c80000,0x00000000e9000000)
  to   space 3584K, 0% used [0x00000000e8900000,0x00000000e8900000,0x00000000e8c80000)
 ParOldGen       total 34304K, used 5915K [0x00000000a9200000, 0x00000000ab380000, 0x00000000e3100000)
  object space 34304K, 17% used [0x00000000a9200000,0x00000000a97c6d68,0x00000000ab380000)
 Metaspace       used 31473K, capacity 31688K, committed 32000K, reserved 1077248K
  class space    used 4265K, capacity 4342K, committed 4352K, reserved 1048576K
Event: 10.380 GC heap after
Heap after GC invocations=6 (full 1):
 PSYoungGen      total 93696K, used 3557K [0x00000000e3100000, 0x00000000eea80000, 0x0000000100000000)
  eden space 90112K, 0% used [0x00000000e3100000,0x00000000e3100000,0x00000000e8900000)
  from space 3584K, 99% used [0x00000000e8900000,0x00000000e8c794d0,0x00000000e8c80000)
  to   space 10240K, 0% used [0x00000000ee080000,0x00000000ee080000,0x00000000eea80000)
 ParOldGen       total 34304K, used 12774K [0x00000000a9200000, 0x00000000ab380000, 0x00000000e3100000)
  object space 34304K, 37% used [0x00000000a9200000,0x00000000a9e79908,0x00000000ab380000)
 Metaspace       used 31473K, capacity 31688K, committed 32000K, reserved 1077248K
  class space    used 4265K, capacity 4342K, committed 4352K, reserved 1048576K
}
Event: 10.914 GC heap before
{Heap before GC invocations=7 (full 1):
 PSYoungGen      total 93696K, used 41006K [0x00000000e3100000, 0x00000000eea80000, 0x0000000100000000)
  eden space 90112K, 41% used [0x00000000e3100000,0x00000000e55923b0,0x00000000e8900000)
  from space 3584K, 99% used [0x00000000e8900000,0x00000000e8c794d0,0x00000000e8c80000)
  to   space 10240K, 0% used [0x00000000ee080000,0x00000000ee080000,0x00000000eea80000)
 ParOldGen       total 34304K, used 12774K [0x00000000a9200000, 0x00000000ab380000, 0x00000000e3100000)
  object space 34304K, 37% used [0x00000000a9200000,0x00000000a9e79908,0x00000000ab380000)
 Metaspace       used 34975K, capacity 35188K, committed 35496K, reserved 1079296K
  class space    used 4750K, capacity 4824K, committed 4864K, reserved 1048576K
Event: 11.128 GC heap after
Heap after GC invocations=7 (full 1):
 PSYoungGen      total 178688K, used 8573K [0x00000000e3100000, 0x00000000ef200000, 0x0000000100000000)
  eden space 168448K, 0% used [0x00000000e3100000,0x00000000e3100000,0x00000000ed580000)
  from space 10240K, 83% used [0x00000000ee080000,0x00000000ee8df478,0x00000000eea80000)
  to   space 11264K, 0% used [0x00000000ed580000,0x00000000ed580000,0x00000000ee080000)
 ParOldGen       total 34304K, used 12774K [0x00000000a9200000, 0x00000000ab380000, 0x00000000e3100000)
  object space 34304K, 37% used [0x00000000a9200000,0x00000000a9e79908,0x00000000ab380000)
 Metaspace       used 34975K, capacity 35188K, committed 35496K, reserved 1079296K
  class space    used 4750K, capacity 4824K, committed 4864K, reserved 1048576K
}
Event: 11.128 GC heap before
{Heap before GC invocations=8 (full 2):
 PSYoungGen      total 178688K, used 8573K [0x00000000e3100000, 0x00000000ef200000, 0x0000000100000000)
  eden space 168448K, 0% used [0x00000000e3100000,0x00000000e3100000,0x00000000ed580000)
  from space 10240K, 83% used [0x00000000ee080000,0x00000000ee8df478,0x00000000eea80000)
  to   space 11264K, 0% used [0x00000000ed580000,0x00000000ed580000,0x00000000ee080000)
 ParOldGen       total 34304K, used 12774K [0x00000000a9200000, 0x00000000ab380000, 0x00000000e3100000)
  object space 34304K, 37% used [0x00000000a9200000,0x00000000a9e79908,0x00000000ab380000)
 Metaspace       used 34975K, capacity 35188K, committed 35496K, reserved 1079296K
  class space    used 4750K, capacity 4824K, committed 4864K, reserved 1048576K
Event: 11.186 GC heap after
Heap after GC invocations=8 (full 2):
 PSYoungGen      total 178688K, used 0K [0x00000000e3100000, 0x00000000ef200000, 0x0000000100000000)
  eden space 168448K, 0% used [0x00000000e3100000,0x00000000e3100000,0x00000000ed580000)
  from space 10240K, 0% used [0x00000000ee080000,0x00000000ee080000,0x00000000eea80000)
  to   space 11264K, 0% used [0x00000000ed580000,0x00000000ed580000,0x00000000ee080000)
 ParOldGen       total 46080K, used 11580K [0x00000000a9200000, 0x00000000abf00000, 0x00000000e3100000)
  object space 46080K, 25% used [0x00000000a9200000,0x00000000a9d4f1e8,0x00000000abf00000)
 Metaspace       used 34975K, capacity 35188K, committed 35496K, reserved 1079296K
  class space    used 4750K, capacity 4824K, committed 4864K, reserved 1048576K
}
Event: 14.662 GC heap before
{Heap before GC invocations=9 (full 2):
 PSYoungGen      total 178688K, used 168448K [0x00000000e3100000, 0x00000000ef200000, 0x0000000100000000)
  eden space 168448K, 100% used [0x00000000e3100000,0x00000000ed580000,0x00000000ed580000)
  from space 10240K, 0% used [0x00000000ee080000,0x00000000ee080000,0x00000000eea80000)
  to   space 11264K, 0% used [0x00000000ed580000,0x00000000ed580000,0x00000000ee080000)
 ParOldGen       total 46080K, used 11580K [0x00000000a9200000, 0x00000000abf00000, 0x00000000e3100000)
  object space 46080K, 25% used [0x00000000a9200000,0x00000000a9d4f1e8,0x00000000abf00000)
 Metaspace       used 57864K, capacity 58104K, committed 58752K, reserved 1099776K
  class space    used 8109K, capacity 8193K, committed 8320K, reserved 1048576K
Event: 14.685 GC heap after
Heap after GC invocations=9 (full 2):
 PSYoungGen      total 179712K, used 11241K [0x00000000e3100000, 0x00000000f8200000, 0x0000000100000000)
  eden space 168448K, 0% used [0x00000000e3100000,0x00000000e3100000,0x00000000ed580000)
  from space 11264K, 99% used [0x00000000ed580000,0x00000000ee07a608,0x00000000ee080000)
  to   space 16384K, 0% used [0x00000000f7200000,0x00000000f7200000,0x00000000f8200000)
 ParOldGen       total 46080K, used 18631K [0x00000000a9200000, 0x00000000abf00000, 0x00000000e3100000)
  object space 46080K, 40% used [0x00000000a9200000,0x00000000aa431f30,0x00000000abf00000)
 Metaspace       used 57864K, capacity 58104K, committed 58752K, reserved 1099776K
  class space    used 8109K, capacity 8193K, committed 8320K, reserved 1048576K
}
Event: 14.860 GC heap before
{Heap before GC invocations=10 (full 2):
 PSYoungGen      total 179712K, used 27365K [0x00000000e3100000, 0x00000000f8200000, 0x0000000100000000)
  eden space 168448K, 9% used [0x00000000e3100000,0x00000000e40bef50,0x00000000ed580000)
  from space 11264K, 99% used [0x00000000ed580000,0x00000000ee07a608,0x00000000ee080000)
  to   space 16384K, 0% used [0x00000000f7200000,0x00000000f7200000,0x00000000f8200000)
 ParOldGen       total 46080K, used 18631K [0x00000000a9200000, 0x00000000abf00000, 0x00000000e3100000)
  object space 46080K, 40% used [0x00000000a9200000,0x00000000aa431f30,0x00000000abf00000)
 Metaspace       used 58420K, capacity 58680K, committed 59136K, reserved 1099776K
  class space    used 8212K, capacity 8321K, committed 8448K, reserved 1048576K
Event: 14.870 GC heap after
Heap after GC invocations=10 (full 2):
 PSYoungGen      total 323584K, used 6090K [0x00000000e3100000, 0x00000000f7f00000, 0x0000000100000000)
  eden space 310272K, 0% used [0x00000000e3100000,0x00000000e3100000,0x00000000f6000000)
  from space 13312K, 45% used [0x00000000f7200000,0x00000000f77f2bf0,0x00000000f7f00000)
  to   space 15872K, 0% used [0x00000000f6000000,0x00000000f6000000,0x00000000f6f80000)
 ParOldGen       total 46080K, used 18631K [0x00000000a9200000, 0x00000000abf00000, 0x00000000e3100000)
  object space 46080K, 40% used [0x00000000a9200000,0x00000000aa431f30,0x00000000abf00000)
 Metaspace       used 58420K, capacity 58680K, committed 59136K, reserved 1099776K
  class space    used 8212K, capacity 8321K, committed 8448K, reserved 1048576K
}
Event: 14.870 GC heap before
{Heap before GC invocations=11 (full 3):
 PSYoungGen      total 323584K, used 6090K [0x00000000e3100000, 0x00000000f7f00000, 0x0000000100000000)
  eden space 310272K, 0% used [0x00000000e3100000,0x00000000e3100000,0x00000000f6000000)
  from space 13312K, 45% used [0x00000000f7200000,0x00000000f77f2bf0,0x00000000f7f00000)
  to   space 15872K, 0% used [0x00000000f6000000,0x00000000f6000000,0x00000000f6f80000)
 ParOldGen       total 46080K, used 18631K [0x00000000a9200000, 0x00000000abf00000, 0x00000000e3100000)
  object space 46080K, 40% used [0x00000000a9200000,0x00000000aa431f30,0x00000000abf00000)
 Metaspace       used 58420K, capacity 58680K, committed 59136K, reserved 1099776K
  class space    used 8212K, capacity 8321K, committed 8448K, reserved 1048576K
Event: 14.994 GC heap after
Heap after GC invocations=11 (full 3):
 PSYoungGen      total 323584K, used 0K [0x00000000e3100000, 0x00000000f7f00000, 0x0000000100000000)
  eden space 310272K, 0% used [0x00000000e3100000,0x00000000e3100000,0x00000000f6000000)
  from space 13312K, 0% used [0x00000000f7200000,0x00000000f7200000,0x00000000f7f00000)
  to   space 15872K, 0% used [0x00000000f6000000,0x00000000f6000000,0x00000000f6f80000)
 ParOldGen       total 53760K, used 14092K [0x00000000a9200000, 0x00000000ac680000, 0x00000000e3100000)
  object space 53760K, 26% used [0x00000000a9200000,0x00000000a9fc32a0,0x00000000ac680000)
 Metaspace       used 58420K, capacity 58680K, committed 59136K, reserved 1099776K
  class space    used 8212K, capacity 8321K, committed 8448K, reserved 1048576K
}
Event: 42.839 GC heap before
{Heap before GC invocations=12 (full 3):
 PSYoungGen      total 323584K, used 310272K [0x00000000e3100000, 0x00000000f7f00000, 0x0000000100000000)
  eden space 310272K, 100% used [0x00000000e3100000,0x00000000f6000000,0x00000000f6000000)
  from space 13312K, 0% used [0x00000000f7200000,0x00000000f7200000,0x00000000f7f00000)
  to   space 15872K, 0% used [0x00000000f6000000,0x00000000f6000000,0x00000000f6f80000)
 ParOldGen       total 53760K, used 14092K [0x00000000a9200000, 0x00000000ac680000, 0x00000000e3100000)
  object space 53760K, 26% used [0x00000000a9200000,0x00000000a9fc32a0,0x00000000ac680000)
 Metaspace       used 75697K, capacity 76272K, committed 76416K, reserved 1114112K
  class space    used 10930K, capacity 11074K, committed 11136K, reserved 1048576K

