# JRE version: OpenJDK Runtime Environment (8.0_272-b10) (build 1.8.0_272-b10)
# Java VM: OpenJDK 64-Bit Server VM (25.272-b10 mixed mode linux-amd64 compressed oops)
Heap:
 PSYoungGen      total 322560K, used 15863K [0x00000000e3100000, 0x00000000f7b80000, 0x0000000100000000)
  eden space 306688K, 0% used [0x00000000e3100000,0x00000000e3100000,0x00000000f5c80000)
  from space 15872K, 99% used [0x00000000f5c80000,0x00000000f6bfde28,0x00000000f6c00000)
  to   space 12800K, 0% used [0x00000000f6f00000,0x00000000f6f00000,0x00000000f7b80000)
 ParOldGen       total 54784K, used 18095K [0x00000000a9200000, 0x00000000ac780000, 0x00000000e3100000)
  object space 54784K, 33% used [0x00000000a9200000,0x00000000aa3abdb8,0x00000000ac780000)
 Metaspace       used 75667K, capacity 76272K, committed 76416K, reserved 1114112K
  class space    used 10936K, capacity 11074K, committed 11136K, reserved 1048576K
GC Heap History (23 events):
Event: 4.660 GC heap before
{Heap before GC invocations=1 (full 0):
 PSYoungGen      total 26112K, used 22528K [0x00000000e3100000, 0x00000000e4e00000, 0x0000000100000000)
  eden space 22528K, 100% used [0x00000000e3100000,0x00000000e4700000,0x00000000e4700000)
  from space 3584K, 0% used [0x00000000e4a80000,0x00000000e4a80000,0x00000000e4e00000)
  to   space 3584K, 0% used [0x00000000e4700000,0x00000000e4700000,0x00000000e4a80000)
 ParOldGen       total 60416K, used 0K [0x00000000a9200000, 0x00000000acd00000, 0x00000000e3100000)
  object space 60416K, 0% used [0x00000000a9200000,0x00000000a9200000,0x00000000acd00000)
 Metaspace       used 10738K, capacity 10812K, committed 11008K, reserved 1058816K
  class space    used 1437K, capacity 1448K, committed 1536K, reserved 1048576K
Event: 4.758 GC heap after
Heap after GC invocations=1 (full 0):
 PSYoungGen      total 26112K, used 3583K [0x00000000e3100000, 0x00000000e6400000, 0x0000000100000000)
  eden space 22528K, 0% used [0x00000000e3100000,0x00000000e3100000,0x00000000e4700000)
  from space 3584K, 99% used [0x00000000e4700000,0x00000000e4a7fc68,0x00000000e4a80000)
  to   space 3584K, 0% used [0x00000000e6080000,0x00000000e6080000,0x00000000e6400000)
 ParOldGen       total 60416K, used 337K [0x00000000a9200000, 0x00000000acd00000, 0x00000000e3100000)
  object space 60416K, 0% used [0x00000000a9200000,0x00000000a92546f0,0x00000000acd00000)
 Metaspace       used 10738K, capacity 10812K, committed 11008K, reserved 1058816K
  class space    used 1437K, capacity 1448K, committed 1536K, reserved 1048576K
}
Event: 7.144 GC heap before
{Heap before GC invocations=2 (full 0):
 PSYoungGen      total 26112K, used 26111K [0x00000000e3100000, 0x00000000e6400000, 0x0000000100000000)
  eden space 22528K, 100% used [0x00000000e3100000,0x00000000e4700000,0x00000000e4700000)
  from space 3584K, 99% used [0x00000000e4700000,0x00000000e4a7fc68,0x00000000e4a80000)
  to   space 3584K, 0% used [0x00000000e6080000,0x00000000e6080000,0x00000000e6400000)
 ParOldGen       total 60416K, used 337K [0x00000000a9200000, 0x00000000acd00000, 0x00000000e3100000)
  object space 60416K, 0% used [0x00000000a9200000,0x00000000a92546f0,0x00000000acd00000)
 Metaspace       used 13509K, capacity 13660K, committed 13952K, reserved 1060864K
  class space    used 1803K, capacity 1864K, committed 1920K, reserved 1048576K
Event: 7.691 GC heap after
Heap after GC invocations=2 (full 0):
 PSYoungGen      total 48640K, used 3555K [0x00000000e3100000, 0x00000000e6400000, 0x0000000100000000)
  eden space 45056K, 0% used [0x00000000e3100000,0x00000000e3100000,0x00000000e5d00000)
  from space 3584K, 99% used [0x00000000e6080000,0x00000000e63f8c18,0x00000000e6400000)
  to   space 3584K, 0% used [0x00000000e5d00000,0x00000000e5d00000,0x00000000e6080000)
 ParOldGen       total 60416K, used 1479K [0x00000000a9200000, 0x00000000acd00000, 0x00000000e3100000)
  object space 60416K, 2% used [0x00000000a9200000,0x00000000a9371cc8,0x00000000acd00000)
 Metaspace       used 13509K, capacity 13660K, committed 13952K, reserved 1060864K
  class space    used 1803K, capacity 1864K, committed 1920K, reserved 1048576K
}
Event: 10.088 GC heap before
{Heap before GC invocations=3 (full 0):
 PSYoungGen      total 48640K, used 48611K [0x00000000e3100000, 0x00000000e6400000, 0x0000000100000000)
  eden space 45056K, 100% used [0x00000000e3100000,0x00000000e5d00000,0x00000000e5d00000)
  from space 3584K, 99% used [0x00000000e6080000,0x00000000e63f8c18,0x00000000e6400000)
  to   space 3584K, 0% used [0x00000000e5d00000,0x00000000e5d00000,0x00000000e6080000)
 ParOldGen       total 60416K, used 1479K [0x00000000a9200000, 0x00000000acd00000, 0x00000000e3100000)
  object space 60416K, 2% used [0x00000000a9200000,0x00000000a9371cc8,0x00000000acd00000)
 Metaspace       used 17426K, capacity 17576K, committed 17792K, reserved 1064960K
  class space    used 2341K, capacity 2398K, committed 2432K, reserved 1048576K
Event: 10.262 GC heap after
Heap after GC invocations=3 (full 0):
 PSYoungGen      total 48640K, used 3566K [0x00000000e3100000, 0x00000000e9000000, 0x0000000100000000)
  eden space 45056K, 0% used [0x00000000e3100000,0x00000000e3100000,0x00000000e5d00000)
  from space 3584K, 99% used [0x00000000e5d00000,0x00000000e607ba90,0x00000000e6080000)
  to   space 3584K, 0% used [0x00000000e8c80000,0x00000000e8c80000,0x00000000e9000000)
 ParOldGen       total 60416K, used 3806K [0x00000000a9200000, 0x00000000acd00000, 0x00000000e3100000)
  object space 60416K, 6% used [0x00000000a9200000,0x00000000a95b7948,0x00000000acd00000)
 Metaspace       used 17426K, capacity 17576K, committed 17792K, reserved 1064960K
  class space    used 2341K, capacity 2398K, committed 2432K, reserved 1048576K
}
Event: 10.780 GC heap before
{Heap before GC invocations=4 (full 0):
 PSYoungGen      total 48640K, used 29766K [0x00000000e3100000, 0x00000000e9000000, 0x0000000100000000)
  eden space 45056K, 58% used [0x00000000e3100000,0x00000000e4a95d98,0x00000000e5d00000)
  from space 3584K, 99% used [0x00000000e5d00000,0x00000000e607ba90,0x00000000e6080000)
  to   space 3584K, 0% used [0x00000000e8c80000,0x00000000e8c80000,0x00000000e9000000)
 ParOldGen       total 60416K, used 3806K [0x00000000a9200000, 0x00000000acd00000, 0x00000000e3100000)
  object space 60416K, 6% used [0x00000000a9200000,0x00000000a95b7948,0x00000000acd00000)
 Metaspace       used 20898K, capacity 21110K, committed 21296K, reserved 1067008K
  class space    used 2816K, capacity 2913K, committed 2944K, reserved 1048576K
Event: 10.922 GC heap after
Heap after GC invocations=4 (full 0):
 PSYoungGen      total 93696K, used 3564K [0x00000000e3100000, 0x00000000e9000000, 0x0000000100000000)
  eden space 90112K, 0% used [0x00000000e3100000,0x00000000e3100000,0x00000000e8900000)
  from space 3584K, 99% used [0x00000000e8c80000,0x00000000e8ffb3c0,0x00000000e9000000)
  to   space 3584K, 0% used [0x00000000e8900000,0x00000000e8900000,0x00000000e8c80000)
 ParOldGen       total 60416K, used 6280K [0x00000000a9200000, 0x00000000acd00000, 0x00000000e3100000)
  object space 60416K, 10% used [0x00000000a9200000,0x00000000a9822118,0x00000000acd00000)
 Metaspace       used 20898K, capacity 21110K, committed 21296K, reserved 1067008K
  class space    used 2816K, capacity 2913K, committed 2944K, reserved 1048576K
}
Event: 10.923 GC heap before
{Heap before GC invocations=5 (full 1):
 PSYoungGen      total 93696K, used 3564K [0x00000000e3100000, 0x00000000e9000000, 0x0000000100000000)
  eden space 90112K, 0% used [0x00000000e3100000,0x00000000e3100000,0x00000000e8900000)
  from space 3584K, 99% used [0x00000000e8c80000,0x00000000e8ffb3c0,0x00000000e9000000)
  to   space 3584K, 0% used [0x00000000e8900000,0x00000000e8900000,0x00000000e8c80000)
 ParOldGen       total 60416K, used 6280K [0x00000000a9200000, 0x00000000acd00000, 0x00000000e3100000)
  object space 60416K, 10% used [0x00000000a9200000,0x00000000a9822118,0x00000000acd00000)
 Metaspace       used 20898K, capacity 21110K, committed 21296K, reserved 1067008K
  class space    used 2816K, capacity 2913K, committed 2944K, reserved 1048576K
Event: 10.985 GC heap after
Heap after GC invocations=5 (full 1):
 PSYoungGen      total 93696K, used 0K [0x00000000e3100000, 0x00000000e9000000, 0x0000000100000000)
  eden space 90112K, 0% used [0x00000000e3100000,0x00000000e3100000,0x00000000e8900000)
  from space 3584K, 0% used [0x00000000e8c80000,0x00000000e8c80000,0x00000000e9000000)
  to   space 3584K, 0% used [0x00000000e8900000,0x00000000e8900000,0x00000000e8c80000)
 ParOldGen       total 33280K, used 5920K [0x00000000a9200000, 0x00000000ab280000, 0x00000000e3100000)
  object space 33280K, 17% used [0x00000000a9200000,0x00000000a97c8350,0x00000000ab280000)
 Metaspace       used 20898K, capacity 21110K, committed 21296K, reserved 1067008K
  class space    used 2816K, capacity 2913K, committed 2944K, reserved 1048576K
}
Event: 12.824 GC heap before
{Heap before GC invocations=6 (full 1):
 PSYoungGen      total 93696K, used 90112K [0x00000000e3100000, 0x00000000e9000000, 0x0000000100000000)
  eden space 90112K, 100% used [0x00000000e3100000,0x00000000e8900000,0x00000000e8900000)
  from space 3584K, 0% used [0x00000000e8c80000,0x00000000e8c80000,0x00000000e9000000)
  to   space 3584K, 0% used [0x00000000e8900000,0x00000000e8900000,0x00000000e8c80000)
 ParOldGen       total 33280K, used 5920K [0x00000000a9200000, 0x00000000ab280000, 0x00000000e3100000)
  object space 33280K, 17% used [0x00000000a9200000,0x00000000a97c8350,0x00000000ab280000)
 Metaspace       used 31491K, capacity 31752K, committed 32000K, reserved 1077248K
  class space    used 4273K, capacity 4342K, committed 4352K, reserved 1048576K
Event: 12.864 GC heap after
Heap after GC invocations=6 (full 1):
 PSYoungGen      total 93696K, used 3575K [0x00000000e3100000, 0x00000000ef080000, 0x0000000100000000)
  eden space 90112K, 0% used [0x00000000e3100000,0x00000000e3100000,0x00000000e8900000)
  from space 3584K, 99% used [0x00000000e8900000,0x00000000e8c7dc48,0x00000000e8c80000)
  to   space 10240K, 0% used [0x00000000ee680000,0x00000000ee680000,0x00000000ef080000)
 ParOldGen       total 33280K, used 12847K [0x00000000a9200000, 0x00000000ab280000, 0x00000000e3100000)
  object space 33280K, 38% used [0x00000000a9200000,0x00000000a9e8be98,0x00000000ab280000)
 Metaspace       used 31491K, capacity 31752K, committed 32000K, reserved 1077248K
  class space    used 4273K, capacity 4342K, committed 4352K, reserved 1048576K
}
Event: 13.350 GC heap before
{Heap before GC invocations=7 (full 1):
 PSYoungGen      total 93696K, used 40996K [0x00000000e3100000, 0x00000000ef080000, 0x0000000100000000)
  eden space 90112K, 41% used [0x00000000e3100000,0x00000000e558b6a0,0x00000000e8900000)
  from space 3584K, 99% used [0x00000000e8900000,0x00000000e8c7dc48,0x00000000e8c80000)
  to   space 10240K, 0% used [0x00000000ee680000,0x00000000ee680000,0x00000000ef080000)
 ParOldGen       total 33280K, used 12847K [0x00000000a9200000, 0x00000000ab280000, 0x00000000e3100000)
  object space 33280K, 38% used [0x00000000a9200000,0x00000000a9e8be98,0x00000000ab280000)
 Metaspace       used 34960K, capacity 35188K, committed 35496K, reserved 1079296K
  class space    used 4750K, capacity 4824K, committed 4864K, reserved 1048576K
Event: 13.362 GC heap after
Heap after GC invocations=7 (full 1):
 PSYoungGen      total 184832K, used 8571K [0x00000000e3100000, 0x00000000ef180000, 0x0000000100000000)
  eden space 174592K, 0% used [0x00000000e3100000,0x00000000e3100000,0x00000000edb80000)
  from space 10240K, 83% used [0x00000000ee680000,0x00000000eeededd0,0x00000000ef080000)
  to   space 11264K, 0% used [0x00000000edb80000,0x00000000edb80000,0x00000000ee680000)
 ParOldGen       total 33280K, used 12855K [0x00000000a9200000, 0x00000000ab280000, 0x00000000e3100000)
  object space 33280K, 38% used [0x00000000a9200000,0x00000000a9e8de98,0x00000000ab280000)
 Metaspace       used 34960K, capacity 35188K, committed 35496K, reserved 1079296K
  class space    used 4750K, capacity 4824K, committed 4864K, reserved 1048576K
}
Event: 13.362 GC heap before
{Heap before GC invocations=8 (full 2):
 PSYoungGen      total 184832K, used 8571K [0x00000000e3100000, 0x00000000ef180000, 0x0000000100000000)
  eden space 174592K, 0% used [0x00000000e3100000,0x00000000e3100000,0x00000000edb80000)
  from space 10240K, 83% used [0x00000000ee680000,0x00000000eeededd0,0x00000000ef080000)
  to   space 11264K, 0% used [0x00000000edb80000,0x00000000edb80000,0x00000000ee680000)
 ParOldGen       total 33280K, used 12855K [0x00000000a9200000, 0x00000000ab280000, 0x00000000e3100000)
  object space 33280K, 38% used [0x00000000a9200000,0x00000000a9e8de98,0x00000000ab280000)
 Metaspace       used 34960K, capacity 35188K, committed 35496K, reserved 1079296K
  class space    used 4750K, capacity 4824K, committed 4864K, reserved 1048576K
Event: 13.435 GC heap after
Heap after GC invocations=8 (full 2):
 PSYoungGen      total 184832K, used 0K [0x00000000e3100000, 0x00000000ef180000, 0x0000000100000000)
  eden space 174592K, 0% used [0x00000000e3100000,0x00000000e3100000,0x00000000edb80000)
  from space 10240K, 0% used [0x00000000ee680000,0x00000000ee680000,0x00000000ef080000)
  to   space 11264K, 0% used [0x00000000edb80000,0x00000000edb80000,0x00000000ee680000)
 ParOldGen       total 46592K, used 11577K [0x00000000a9200000, 0x00000000abf80000, 0x00000000e3100000)
  object space 46592K, 24% used [0x00000000a9200000,0x00000000a9d4e790,0x00000000abf80000)
 Metaspace       used 34960K, capacity 35188K, committed 35496K, reserved 1079296K
  class space    used 4750K, capacity 4824K, committed 4864K, reserved 1048576K
}
Event: 22.601 GC heap before
{Heap before GC invocations=9 (full 2):
 PSYoungGen      total 184832K, used 174592K [0x00000000e3100000, 0x00000000ef180000, 0x0000000100000000)
  eden space 174592K, 100% used [0x00000000e3100000,0x00000000edb80000,0x00000000edb80000)
  from space 10240K, 0% used [0x00000000ee680000,0x00000000ee680000,0x00000000ef080000)
  to   space 11264K, 0% used [0x00000000edb80000,0x00000000edb80000,0x00000000ee680000)
 ParOldGen       total 46592K, used 11577K [0x00000000a9200000, 0x00000000abf80000, 0x00000000e3100000)
  object space 46592K, 24% used [0x00000000a9200000,0x00000000a9d4e790,0x00000000abf80000)
 Metaspace       used 58136K, capacity 58424K, committed 59008K, reserved 1099776K
  class space    used 8161K, capacity 8257K, committed 8320K, reserved 1048576K
Event: 22.631 GC heap after
Heap after GC invocations=9 (full 2):
 PSYoungGen      total 185856K, used 11256K [0x00000000e3100000, 0x00000000f7f00000, 0x0000000100000000)
  eden space 174592K, 0% used [0x00000000e3100000,0x00000000e3100000,0x00000000edb80000)
  from space 11264K, 99% used [0x00000000edb80000,0x00000000ee67e360,0x00000000ee680000)
  to   space 16384K, 0% used [0x00000000f6f00000,0x00000000f6f00000,0x00000000f7f00000)
 ParOldGen       total 46592K, used 18856K [0x00000000a9200000, 0x00000000abf80000, 0x00000000e3100000)
  object space 46592K, 40% used [0x00000000a9200000,0x00000000aa46a2a0,0x00000000abf80000)
 Metaspace       used 58136K, capacity 58424K, committed 59008K, reserved 1099776K
  class space    used 8161K, capacity 8257K, committed 8320K, reserved 1048576K
}
Event: 22.906 GC heap before
{Heap before GC invocations=10 (full 2):
 PSYoungGen      total 185856K, used 24767K [0x00000000e3100000, 0x00000000f7f00000, 0x0000000100000000)
  eden space 174592K, 7% used [0x00000000e3100000,0x00000000e3e31b48,0x00000000edb80000)
  from space 11264K, 99% used [0x00000000edb80000,0x00000000ee67e360,0x00000000ee680000)
  to   space 16384K, 0% used [0x00000000f6f00000,0x00000000f6f00000,0x00000000f7f00000)
 ParOldGen       total 46592K, used 18856K [0x00000000a9200000, 0x00000000abf80000, 0x00000000e3100000)
  object space 46592K, 40% used [0x00000000a9200000,0x00000000aa46a2a0,0x00000000abf80000)
 Metaspace       used 58448K, capacity 58680K, committed 59136K, reserved 1099776K
  class space    used 8230K, capacity 8321K, committed 8448K, reserved 1048576K
Event: 22.917 GC heap after
Heap after GC invocations=10 (full 2):
 PSYoungGen      total 319488K, used 6180K [0x00000000e3100000, 0x00000000f7b80000, 0x0000000100000000)
  eden space 306688K, 0% used [0x00000000e3100000,0x00000000e3100000,0x00000000f5c80000)
  from space 12800K, 48% used [0x00000000f6f00000,0x00000000f75092a0,0x00000000f7b80000)
  to   space 15872K, 0% used [0x00000000f5c80000,0x00000000f5c80000,0x00000000f6c00000)
 ParOldGen       total 46592K, used 18856K [0x00000000a9200000, 0x00000000abf80000, 0x00000000e3100000)
  object space 46592K, 40% used [0x00000000a9200000,0x00000000aa46a2a0,0x00000000abf80000)
 Metaspace       used 58448K, capacity 58680K, committed 59136K, reserved 1099776K
  class space    used 8230K, capacity 8321K, committed 8448K, reserved 1048576K
}
Event: 22.917 GC heap before
{Heap before GC invocations=11 (full 3):
 PSYoungGen      total 319488K, used 6180K [0x00000000e3100000, 0x00000000f7b80000, 0x0000000100000000)
  eden space 306688K, 0% used [0x00000000e3100000,0x00000000e3100000,0x00000000f5c80000)
  from space 12800K, 48% used [0x00000000f6f00000,0x00000000f75092a0,0x00000000f7b80000)
  to   space 15872K, 0% used [0x00000000f5c80000,0x00000000f5c80000,0x00000000f6c00000)
 ParOldGen       total 46592K, used 18856K [0x00000000a9200000, 0x00000000abf80000, 0x00000000e3100000)
  object space 46592K, 40% used [0x00000000a9200000,0x00000000aa46a2a0,0x00000000abf80000)
 Metaspace       used 58448K, capacity 58680K, committed 59136K, reserved 1099776K
  class space    used 8230K, capacity 8321K, committed 8448K, reserved 1048576K
Event: 23.063 GC heap after
Heap after GC invocations=11 (full 3):
 PSYoungGen      total 319488K, used 0K [0x00000000e3100000, 0x00000000f7b80000, 0x0000000100000000)
  eden space 306688K, 0% used [0x00000000e3100000,0x00000000e3100000,0x00000000f5c80000)
  from space 12800K, 0% used [0x00000000f6f00000,0x00000000f6f00000,0x00000000f7b80000)
  to   space 15872K, 0% used [0x00000000f5c80000,0x00000000f5c80000,0x00000000f6c00000)
 ParOldGen       total 54784K, used 14053K [0x00000000a9200000, 0x00000000ac780000, 0x00000000e3100000)
  object space 54784K, 25% used [0x00000000a9200000,0x00000000a9fb9418,0x00000000ac780000)
 Metaspace       used 58448K, capacity 58680K, committed 59136K, reserved 1099776K
  class space    used 8230K, capacity 8321K, committed 8448K, reserved 1048576K
}
Event: 30.991 GC heap before
{Heap before GC invocations=12 (full 3):
 PSYoungGen      total 319488K, used 306688K [0x00000000e3100000, 0x00000000f7b80000, 0x0000000100000000)
  eden space 306688K, 100% used [0x00000000e3100000,0x00000000f5c80000,0x00000000f5c80000)
  from space 12800K, 0% used [0x00000000f6f00000,0x00000000f6f00000,0x00000000f7b80000)
  to   space 15872K, 0% used [0x00000000f5c80000,0x00000000f5c80000,0x00000000f6c00000)
 ParOldGen       total 54784K, used 14053K [0x00000000a9200000, 0x00000000ac780000, 0x00000000e3100000)
  object space 54784K, 25% used [0x00000000a9200000,0x00000000a9fb9418,0x00000000ac780000)
 Metaspace       used 75667K, capacity 76272K, committed 76416K, reserved 1114112K
  class space    used 10936K, capacity 11074K, committed 11136K, reserved 1048576K

