# JRE version: OpenJDK Runtime Environment (8.0_272-b10) (build 1.8.0_272-b10)
# Java VM: OpenJDK 64-Bit Server VM (25.272-b10 mixed mode linux-amd64 compressed oops)
Heap:
 PSYoungGen      total 223744K, used 5650K [0x00000000e3100000, 0x00000000f1900000, 0x0000000100000000)
  eden space 211968K, 0% used [0x00000000e3100000,0x00000000e3100000,0x00000000f0000000)
  from space 11776K, 47% used [0x00000000f0200000,0x00000000f0784a30,0x00000000f0d80000)
  to   space 6656K, 0% used [0x00000000f1280000,0x00000000f1280000,0x00000000f1900000)
 ParOldGen       total 72192K, used 25029K [0x00000000a9200000, 0x00000000ad880000, 0x00000000e3100000)
  object space 72192K, 34% used [0x00000000a9200000,0x00000000aaa716b0,0x00000000ad880000)
 Metaspace       used 82254K, capacity 83354K, committed 83456K, reserved 1120256K
  class space    used 11795K, capacity 12000K, committed 12032K, reserved 1048576K
GC Heap History (39 events):
Event: 10.342 GC heap before
{Heap before GC invocations=1 (full 0):
 PSYoungGen      total 26112K, used 22528K [0x00000000e3100000, 0x00000000e4e00000, 0x0000000100000000)
  eden space 22528K, 100% used [0x00000000e3100000,0x00000000e4700000,0x00000000e4700000)
  from space 3584K, 0% used [0x00000000e4a80000,0x00000000e4a80000,0x00000000e4e00000)
  to   space 3584K, 0% used [0x00000000e4700000,0x00000000e4700000,0x00000000e4a80000)
 ParOldGen       total 60416K, used 0K [0x00000000a9200000, 0x00000000acd00000, 0x00000000e3100000)
  object space 60416K, 0% used [0x00000000a9200000,0x00000000a9200000,0x00000000acd00000)
 Metaspace       used 10767K, capacity 10812K, committed 11008K, reserved 1058816K
  class space    used 1437K, capacity 1448K, committed 1536K, reserved 1048576K
Event: 10.353 GC heap after
Heap after GC invocations=1 (full 0):
 PSYoungGen      total 26112K, used 3571K [0x00000000e3100000, 0x00000000e4e00000, 0x0000000100000000)
  eden space 22528K, 0% used [0x00000000e3100000,0x00000000e3100000,0x00000000e4700000)
  from space 3584K, 99% used [0x00000000e4700000,0x00000000e4a7ce98,0x00000000e4a80000)
  to   space 3584K, 0% used [0x00000000e4a80000,0x00000000e4a80000,0x00000000e4e00000)
 ParOldGen       total 60416K, used 385K [0x00000000a9200000, 0x00000000acd00000, 0x00000000e3100000)
  object space 60416K, 0% used [0x00000000a9200000,0x00000000a92606d8,0x00000000acd00000)
 Metaspace       used 10767K, capacity 10812K, committed 11008K, reserved 1058816K
  class space    used 1437K, capacity 1448K, committed 1536K, reserved 1048576K
}
Event: 12.457 GC heap before
{Heap before GC invocations=2 (full 0):
 PSYoungGen      total 26112K, used 26099K [0x00000000e3100000, 0x00000000e4e00000, 0x0000000100000000)
  eden space 22528K, 100% used [0x00000000e3100000,0x00000000e4700000,0x00000000e4700000)
  from space 3584K, 99% used [0x00000000e4700000,0x00000000e4a7ce98,0x00000000e4a80000)
  to   space 3584K, 0% used [0x00000000e4a80000,0x00000000e4a80000,0x00000000e4e00000)
 ParOldGen       total 60416K, used 385K [0x00000000a9200000, 0x00000000acd00000, 0x00000000e3100000)
  object space 60416K, 0% used [0x00000000a9200000,0x00000000a92606d8,0x00000000acd00000)
 Metaspace       used 13527K, capacity 13660K, committed 13952K, reserved 1060864K
  class space    used 1803K, capacity 1864K, committed 1920K, reserved 1048576K
Event: 12.475 GC heap after
Heap after GC invocations=2 (full 0):
 PSYoungGen      total 26112K, used 3571K [0x00000000e3100000, 0x00000000e4e00000, 0x0000000100000000)
  eden space 22528K, 0% used [0x00000000e3100000,0x00000000e3100000,0x00000000e4700000)
  from space 3584K, 99% used [0x00000000e4a80000,0x00000000e4dfcc08,0x00000000e4e00000)
  to   space 3584K, 0% used [0x00000000e4700000,0x00000000e4700000,0x00000000e4a80000)
 ParOldGen       total 60416K, used 1527K [0x00000000a9200000, 0x00000000acd00000, 0x00000000e3100000)
  object space 60416K, 2% used [0x00000000a9200000,0x00000000a937dcb0,0x00000000acd00000)
 Metaspace       used 13527K, capacity 13660K, committed 13952K, reserved 1060864K
  class space    used 1803K, capacity 1864K, committed 1920K, reserved 1048576K
}
Event: 14.194 GC heap before
{Heap before GC invocations=3 (full 0):
 PSYoungGen      total 26112K, used 26099K [0x00000000e3100000, 0x00000000e4e00000, 0x0000000100000000)
  eden space 22528K, 100% used [0x00000000e3100000,0x00000000e4700000,0x00000000e4700000)
  from space 3584K, 99% used [0x00000000e4a80000,0x00000000e4dfcc08,0x00000000e4e00000)
  to   space 3584K, 0% used [0x00000000e4700000,0x00000000e4700000,0x00000000e4a80000)
 ParOldGen       total 60416K, used 1527K [0x00000000a9200000, 0x00000000acd00000, 0x00000000e3100000)
  object space 60416K, 2% used [0x00000000a9200000,0x00000000a937dcb0,0x00000000acd00000)
 Metaspace       used 15772K, capacity 15926K, committed 16000K, reserved 1062912K
  class space    used 2094K, capacity 2171K, committed 2176K, reserved 1048576K
Event: 14.202 GC heap after
Heap after GC invocations=3 (full 0):
 PSYoungGen      total 26112K, used 3580K [0x00000000e3100000, 0x00000000e4e00000, 0x0000000100000000)
  eden space 22528K, 0% used [0x00000000e3100000,0x00000000e3100000,0x00000000e4700000)
  from space 3584K, 99% used [0x00000000e4700000,0x00000000e4a7f300,0x00000000e4a80000)
  to   space 3584K, 0% used [0x00000000e4a80000,0x00000000e4a80000,0x00000000e4e00000)
 ParOldGen       total 60416K, used 2014K [0x00000000a9200000, 0x00000000acd00000, 0x00000000e3100000)
  object space 60416K, 3% used [0x00000000a9200000,0x00000000a93f7840,0x00000000acd00000)
 Metaspace       used 15772K, capacity 15926K, committed 16000K, reserved 1062912K
  class space    used 2094K, capacity 2171K, committed 2176K, reserved 1048576K
}
Event: 14.622 GC heap before
{Heap before GC invocations=4 (full 0):
 PSYoungGen      total 26112K, used 26108K [0x00000000e3100000, 0x00000000e4e00000, 0x0000000100000000)
  eden space 22528K, 100% used [0x00000000e3100000,0x00000000e4700000,0x00000000e4700000)
  from space 3584K, 99% used [0x00000000e4700000,0x00000000e4a7f300,0x00000000e4a80000)
  to   space 3584K, 0% used [0x00000000e4a80000,0x00000000e4a80000,0x00000000e4e00000)
 ParOldGen       total 60416K, used 2014K [0x00000000a9200000, 0x00000000acd00000, 0x00000000e3100000)
  object space 60416K, 3% used [0x00000000a9200000,0x00000000a93f7840,0x00000000acd00000)
 Metaspace       used 17407K, capacity 17576K, committed 17792K, reserved 1064960K
  class space    used 2340K, capacity 2398K, committed 2432K, reserved 1048576K
Event: 14.629 GC heap after
Heap after GC invocations=4 (full 0):
 PSYoungGen      total 26112K, used 3556K [0x00000000e3100000, 0x00000000e4e00000, 0x0000000100000000)
  eden space 22528K, 0% used [0x00000000e3100000,0x00000000e3100000,0x00000000e4700000)
  from space 3584K, 99% used [0x00000000e4a80000,0x00000000e4df90a0,0x00000000e4e00000)
  to   space 3584K, 0% used [0x00000000e4700000,0x00000000e4700000,0x00000000e4a80000)
 ParOldGen       total 60416K, used 3292K [0x00000000a9200000, 0x00000000acd00000, 0x00000000e3100000)
  object space 60416K, 5% used [0x00000000a9200000,0x00000000a9537078,0x00000000acd00000)
 Metaspace       used 17407K, capacity 17576K, committed 17792K, reserved 1064960K
  class space    used 2340K, capacity 2398K, committed 2432K, reserved 1048576K
}
Event: 15.055 GC heap before
{Heap before GC invocations=5 (full 0):
 PSYoungGen      total 26112K, used 26084K [0x00000000e3100000, 0x00000000e4e00000, 0x0000000100000000)
  eden space 22528K, 100% used [0x00000000e3100000,0x00000000e4700000,0x00000000e4700000)
  from space 3584K, 99% used [0x00000000e4a80000,0x00000000e4df90a0,0x00000000e4e00000)
  to   space 3584K, 0% used [0x00000000e4700000,0x00000000e4700000,0x00000000e4a80000)
 ParOldGen       total 60416K, used 3292K [0x00000000a9200000, 0x00000000acd00000, 0x00000000e3100000)
  object space 60416K, 5% used [0x00000000a9200000,0x00000000a9537078,0x00000000acd00000)
 Metaspace       used 20353K, capacity 20598K, committed 20864K, reserved 1067008K
  class space    used 2748K, capacity 2849K, committed 2944K, reserved 1048576K
Event: 15.070 GC heap after
Heap after GC invocations=5 (full 0):
 PSYoungGen      total 26112K, used 3580K [0x00000000e3100000, 0x00000000e6900000, 0x0000000100000000)
  eden space 22528K, 0% used [0x00000000e3100000,0x00000000e3100000,0x00000000e4700000)
  from space 3584K, 99% used [0x00000000e4700000,0x00000000e4a7f3d0,0x00000000e4a80000)
  to   space 6144K, 0% used [0x00000000e6300000,0x00000000e6300000,0x00000000e6900000)
 ParOldGen       total 60416K, used 5186K [0x00000000a9200000, 0x00000000acd00000, 0x00000000e3100000)
  object space 60416K, 8% used [0x00000000a9200000,0x00000000a9710920,0x00000000acd00000)
 Metaspace       used 20353K, capacity 20598K, committed 20864K, reserved 1067008K
  class space    used 2748K, capacity 2849K, committed 2944K, reserved 1048576K
}
Event: 15.223 GC heap before
{Heap before GC invocations=6 (full 0):
 PSYoungGen      total 26112K, used 8182K [0x00000000e3100000, 0x00000000e6900000, 0x0000000100000000)
  eden space 22528K, 20% used [0x00000000e3100000,0x00000000e357e660,0x00000000e4700000)
  from space 3584K, 99% used [0x00000000e4700000,0x00000000e4a7f3d0,0x00000000e4a80000)
  to   space 6144K, 0% used [0x00000000e6300000,0x00000000e6300000,0x00000000e6900000)
 ParOldGen       total 60416K, used 5186K [0x00000000a9200000, 0x00000000acd00000, 0x00000000e3100000)
  object space 60416K, 8% used [0x00000000a9200000,0x00000000a9710920,0x00000000acd00000)
 Metaspace       used 20917K, capacity 21110K, committed 21296K, reserved 1067008K
  class space    used 2821K, capacity 2913K, committed 2944K, reserved 1048576K
Event: 15.243 GC heap after
Heap after GC invocations=6 (full 0):
 PSYoungGen      total 51200K, used 4242K [0x00000000e3100000, 0x00000000e6900000, 0x0000000100000000)
  eden space 45056K, 0% used [0x00000000e3100000,0x00000000e3100000,0x00000000e5d00000)
  from space 6144K, 69% used [0x00000000e6300000,0x00000000e6724b68,0x00000000e6900000)
  to   space 6144K, 0% used [0x00000000e5d00000,0x00000000e5d00000,0x00000000e6300000)
 ParOldGen       total 60416K, used 5186K [0x00000000a9200000, 0x00000000acd00000, 0x00000000e3100000)
  object space 60416K, 8% used [0x00000000a9200000,0x00000000a9710920,0x00000000acd00000)
 Metaspace       used 20917K, capacity 21110K, committed 21296K, reserved 1067008K
  class space    used 2821K, capacity 2913K, committed 2944K, reserved 1048576K
}
Event: 15.243 GC heap before
{Heap before GC invocations=7 (full 1):
 PSYoungGen      total 51200K, used 4242K [0x00000000e3100000, 0x00000000e6900000, 0x0000000100000000)
  eden space 45056K, 0% used [0x00000000e3100000,0x00000000e3100000,0x00000000e5d00000)
  from space 6144K, 69% used [0x00000000e6300000,0x00000000e6724b68,0x00000000e6900000)
  to   space 6144K, 0% used [0x00000000e5d00000,0x00000000e5d00000,0x00000000e6300000)
 ParOldGen       total 60416K, used 5186K [0x00000000a9200000, 0x00000000acd00000, 0x00000000e3100000)
  object space 60416K, 8% used [0x00000000a9200000,0x00000000a9710920,0x00000000acd00000)
 Metaspace       used 20917K, capacity 21110K, committed 21296K, reserved 1067008K
  class space    used 2821K, capacity 2913K, committed 2944K, reserved 1048576K
Event: 15.301 GC heap after
Heap after GC invocations=7 (full 1):
 PSYoungGen      total 51200K, used 0K [0x00000000e3100000, 0x00000000e6900000, 0x0000000100000000)
  eden space 45056K, 0% used [0x00000000e3100000,0x00000000e3100000,0x00000000e5d00000)
  from space 6144K, 0% used [0x00000000e6300000,0x00000000e6300000,0x00000000e6900000)
  to   space 6144K, 0% used [0x00000000e5d00000,0x00000000e5d00000,0x00000000e6300000)
 ParOldGen       total 31232K, used 4220K [0x00000000a9200000, 0x00000000ab080000, 0x00000000e3100000)
  object space 31232K, 13% used [0x00000000a9200000,0x00000000a961f260,0x00000000ab080000)
 Metaspace       used 20917K, capacity 21110K, committed 21296K, reserved 1067008K
  class space    used 2821K, capacity 2913K, committed 2944K, reserved 1048576K
}
Event: 18.698 GC heap before
{Heap before GC invocations=8 (full 1):
 PSYoungGen      total 51200K, used 45056K [0x00000000e3100000, 0x00000000e6900000, 0x0000000100000000)
  eden space 45056K, 100% used [0x00000000e3100000,0x00000000e5d00000,0x00000000e5d00000)
  from space 6144K, 0% used [0x00000000e6300000,0x00000000e6300000,0x00000000e6900000)
  to   space 6144K, 0% used [0x00000000e5d00000,0x00000000e5d00000,0x00000000e6300000)
 ParOldGen       total 31232K, used 4220K [0x00000000a9200000, 0x00000000ab080000, 0x00000000e3100000)
  object space 31232K, 13% used [0x00000000a9200000,0x00000000a961f260,0x00000000ab080000)
 Metaspace       used 28651K, capacity 28934K, committed 29312K, reserved 1075200K
  class space    used 3877K, capacity 3957K, committed 3968K, reserved 1048576K
Event: 18.779 GC heap after
Heap after GC invocations=8 (full 1):
 PSYoungGen      total 51200K, used 6139K [0x00000000e3100000, 0x00000000e9200000, 0x0000000100000000)
  eden space 45056K, 0% used [0x00000000e3100000,0x00000000e3100000,0x00000000e5d00000)
  from space 6144K, 99% used [0x00000000e5d00000,0x00000000e62fee20,0x00000000e6300000)
  to   space 6656K, 0% used [0x00000000e8b80000,0x00000000e8b80000,0x00000000e9200000)
 ParOldGen       total 31232K, used 4808K [0x00000000a9200000, 0x00000000ab080000, 0x00000000e3100000)
  object space 31232K, 15% used [0x00000000a9200000,0x00000000a96b22f0,0x00000000ab080000)
 Metaspace       used 28651K, capacity 28934K, committed 29312K, reserved 1075200K
  class space    used 3877K, capacity 3957K, committed 3968K, reserved 1048576K
}
Event: 20.079 GC heap before
{Heap before GC invocations=9 (full 1):
 PSYoungGen      total 51200K, used 51195K [0x00000000e3100000, 0x00000000e9200000, 0x0000000100000000)
  eden space 45056K, 100% used [0x00000000e3100000,0x00000000e5d00000,0x00000000e5d00000)
  from space 6144K, 99% used [0x00000000e5d00000,0x00000000e62fee20,0x00000000e6300000)
  to   space 6656K, 0% used [0x00000000e8b80000,0x00000000e8b80000,0x00000000e9200000)
 ParOldGen       total 31232K, used 4808K [0x00000000a9200000, 0x00000000ab080000, 0x00000000e3100000)
  object space 31232K, 15% used [0x00000000a9200000,0x00000000a96b22f0,0x00000000ab080000)
 Metaspace       used 32035K, capacity 32244K, committed 32640K, reserved 1077248K
  class space    used 4351K, capacity 4440K, committed 4480K, reserved 1048576K
Event: 20.096 GC heap after
Heap after GC invocations=9 (full 1):
 PSYoungGen      total 91648K, used 6640K [0x00000000e3100000, 0x00000000e9300000, 0x0000000100000000)
  eden space 84992K, 0% used [0x00000000e3100000,0x00000000e3100000,0x00000000e8400000)
  from space 6656K, 99% used [0x00000000e8b80000,0x00000000e91fc030,0x00000000e9200000)
  to   space 7680K, 0% used [0x00000000e8400000,0x00000000e8400000,0x00000000e8b80000)
 ParOldGen       total 31232K, used 4904K [0x00000000a9200000, 0x00000000ab080000, 0x00000000e3100000)
  object space 31232K, 15% used [0x00000000a9200000,0x00000000a96ca300,0x00000000ab080000)
 Metaspace       used 32035K, capacity 32244K, committed 32640K, reserved 1077248K
  class space    used 4351K, capacity 4440K, committed 4480K, reserved 1048576K
}
Event: 20.772 GC heap before
{Heap before GC invocations=10 (full 1):
 PSYoungGen      total 91648K, used 37811K [0x00000000e3100000, 0x00000000e9300000, 0x0000000100000000)
  eden space 84992K, 36% used [0x00000000e3100000,0x00000000e4f70db8,0x00000000e8400000)
  from space 6656K, 99% used [0x00000000e8b80000,0x00000000e91fc030,0x00000000e9200000)
  to   space 7680K, 0% used [0x00000000e8400000,0x00000000e8400000,0x00000000e8b80000)
 ParOldGen       total 31232K, used 4904K [0x00000000a9200000, 0x00000000ab080000, 0x00000000e3100000)
  object space 31232K, 15% used [0x00000000a9200000,0x00000000a96ca300,0x00000000ab080000)
 Metaspace       used 34966K, capacity 35188K, committed 35496K, reserved 1079296K
  class space    used 4752K, capacity 4824K, committed 4864K, reserved 1048576K
Event: 20.794 GC heap after
Heap after GC invocations=10 (full 1):
 PSYoungGen      total 92672K, used 7664K [0x00000000e3100000, 0x00000000ec080000, 0x0000000100000000)
  eden space 84992K, 0% used [0x00000000e3100000,0x00000000e3100000,0x00000000e8400000)
  from space 7680K, 99% used [0x00000000e8400000,0x00000000e8b7c1d8,0x00000000e8b80000)
  to   space 8192K, 0% used [0x00000000eb880000,0x00000000eb880000,0x00000000ec080000)
 ParOldGen       total 31232K, used 5260K [0x00000000a9200000, 0x00000000ab080000, 0x00000000e3100000)
  object space 31232K, 16% used [0x00000000a9200000,0x00000000a9723248,0x00000000ab080000)
 Metaspace       used 34966K, capacity 35188K, committed 35496K, reserved 1079296K
  class space    used 4752K, capacity 4824K, committed 4864K, reserved 1048576K
}
Event: 20.794 GC heap before
{Heap before GC invocations=11 (full 2):
 PSYoungGen      total 92672K, used 7664K [0x00000000e3100000, 0x00000000ec080000, 0x0000000100000000)
  eden space 84992K, 0% used [0x00000000e3100000,0x00000000e3100000,0x00000000e8400000)
  from space 7680K, 99% used [0x00000000e8400000,0x00000000e8b7c1d8,0x00000000e8b80000)
  to   space 8192K, 0% used [0x00000000eb880000,0x00000000eb880000,0x00000000ec080000)
 ParOldGen       total 31232K, used 5260K [0x00000000a9200000, 0x00000000ab080000, 0x00000000e3100000)
  object space 31232K, 16% used [0x00000000a9200000,0x00000000a9723248,0x00000000ab080000)
 Metaspace       used 34966K, capacity 35188K, committed 35496K, reserved 1079296K
  class space    used 4752K, capacity 4824K, committed 4864K, reserved 1048576K
Event: 21.111 GC heap after
Heap after GC invocations=11 (full 2):
 PSYoungGen      total 92672K, used 0K [0x00000000e3100000, 0x00000000ec080000, 0x0000000100000000)
  eden space 84992K, 0% used [0x00000000e3100000,0x00000000e3100000,0x00000000e8400000)
  from space 7680K, 0% used [0x00000000e8400000,0x00000000e8400000,0x00000000e8b80000)
  to   space 8192K, 0% used [0x00000000eb880000,0x00000000eb880000,0x00000000ec080000)
 ParOldGen       total 50176K, used 11293K [0x00000000a9200000, 0x00000000ac300000, 0x00000000e3100000)
  object space 50176K, 22% used [0x00000000a9200000,0x00000000a9d077e8,0x00000000ac300000)
 Metaspace       used 34966K, capacity 35188K, committed 35496K, reserved 1079296K
  class space    used 4752K, capacity 4824K, committed 4864K, reserved 1048576K
}
Event: 22.919 GC heap before
{Heap before GC invocations=12 (full 2):
 PSYoungGen      total 92672K, used 84992K [0x00000000e3100000, 0x00000000ec080000, 0x0000000100000000)
  eden space 84992K, 100% used [0x00000000e3100000,0x00000000e8400000,0x00000000e8400000)
  from space 7680K, 0% used [0x00000000e8400000,0x00000000e8400000,0x00000000e8b80000)
  to   space 8192K, 0% used [0x00000000eb880000,0x00000000eb880000,0x00000000ec080000)
 ParOldGen       total 50176K, used 11293K [0x00000000a9200000, 0x00000000ac300000, 0x00000000e3100000)
  object space 50176K, 22% used [0x00000000a9200000,0x00000000a9d077e8,0x00000000ac300000)
 Metaspace       used 42983K, capacity 43220K, committed 43648K, reserved 1087488K
  class space    used 5878K, capacity 5944K, committed 6016K, reserved 1048576K
Event: 22.931 GC heap after
Heap after GC invocations=12 (full 2):
 PSYoungGen      total 116736K, used 8165K [0x00000000e3100000, 0x00000000ec080000, 0x0000000100000000)
  eden space 108544K, 0% used [0x00000000e3100000,0x00000000e3100000,0x00000000e9b00000)
  from space 8192K, 99% used [0x00000000eb880000,0x00000000ec079510,0x00000000ec080000)
  to   space 9216K, 0% used [0x00000000eae80000,0x00000000eae80000,0x00000000eb780000)
 ParOldGen       total 50176K, used 11666K [0x00000000a9200000, 0x00000000ac300000, 0x00000000e3100000)
  object space 50176K, 23% used [0x00000000a9200000,0x00000000a9d64880,0x00000000ac300000)
 Metaspace       used 42983K, capacity 43220K, committed 43648K, reserved 1087488K
  class space    used 5878K, capacity 5944K, committed 6016K, reserved 1048576K
}
Event: 26.674 GC heap before
{Heap before GC invocations=13 (full 2):
 PSYoungGen      total 116736K, used 109606K [0x00000000e3100000, 0x00000000ec080000, 0x0000000100000000)
  eden space 108544K, 93% used [0x00000000e3100000,0x00000000e9410568,0x00000000e9b00000)
  from space 8192K, 99% used [0x00000000eb880000,0x00000000ec079510,0x00000000ec080000)
  to   space 9216K, 0% used [0x00000000eae80000,0x00000000eae80000,0x00000000eb780000)
 ParOldGen       total 50176K, used 11666K [0x00000000a9200000, 0x00000000ac300000, 0x00000000e3100000)
  object space 50176K, 23% used [0x00000000a9200000,0x00000000a9d64880,0x00000000ac300000)
 Metaspace       used 58412K, capacity 58680K, committed 59136K, reserved 1099776K
  class space    used 8225K, capacity 8321K, committed 8448K, reserved 1048576K
Event: 26.713 GC heap after
Heap after GC invocations=13 (full 2):
 PSYoungGen      total 137728K, used 9198K [0x00000000e3100000, 0x00000000ecc00000, 0x0000000100000000)
  eden space 128512K, 0% used [0x00000000e3100000,0x00000000e3100000,0x00000000eae80000)
  from space 9216K, 99% used [0x00000000eae80000,0x00000000eb77b960,0x00000000eb780000)
  to   space 11264K, 0% used [0x00000000ec100000,0x00000000ec100000,0x00000000ecc00000)
 ParOldGen       total 50176K, used 14323K [0x00000000a9200000, 0x00000000ac300000, 0x00000000e3100000)
  object space 50176K, 28% used [0x00000000a9200000,0x00000000a9ffcc88,0x00000000ac300000)
 Metaspace       used 58412K, capacity 58680K, committed 59136K, reserved 1099776K
  class space    used 8225K, capacity 8321K, committed 8448K, reserved 1048576K
}
Event: 26.713 GC heap before
{Heap before GC invocations=14 (full 3):
 PSYoungGen      total 137728K, used 9198K [0x00000000e3100000, 0x00000000ecc00000, 0x0000000100000000)
  eden space 128512K, 0% used [0x00000000e3100000,0x00000000e3100000,0x00000000eae80000)
  from space 9216K, 99% used [0x00000000eae80000,0x00000000eb77b960,0x00000000eb780000)
  to   space 11264K, 0% used [0x00000000ec100000,0x00000000ec100000,0x00000000ecc00000)
 ParOldGen       total 50176K, used 14323K [0x00000000a9200000, 0x00000000ac300000, 0x00000000e3100000)
  object space 50176K, 28% used [0x00000000a9200000,0x00000000a9ffcc88,0x00000000ac300000)
 Metaspace       used 58412K, capacity 58680K, committed 59136K, reserved 1099776K
  class space    used 8225K, capacity 8321K, committed 8448K, reserved 1048576K
Event: 26.866 GC heap after
Heap after GC invocations=14 (full 3):
 PSYoungGen      total 137728K, used 0K [0x00000000e3100000, 0x00000000ecc00000, 0x0000000100000000)
  eden space 128512K, 0% used [0x00000000e3100000,0x00000000e3100000,0x00000000eae80000)
  from space 9216K, 0% used [0x00000000eae80000,0x00000000eae80000,0x00000000eb780000)
  to   space 11264K, 0% used [0x00000000ec100000,0x00000000ec100000,0x00000000ecc00000)
 ParOldGen       total 72192K, used 19263K [0x00000000a9200000, 0x00000000ad880000, 0x00000000e3100000)
  object space 72192K, 26% used [0x00000000a9200000,0x00000000aa4cff08,0x00000000ad880000)
 Metaspace       used 58412K, capacity 58680K, committed 59136K, reserved 1099776K
  class space    used 8225K, capacity 8321K, committed 8448K, reserved 1048576K
}
Event: 31.402 GC heap before
{Heap before GC invocations=15 (full 3):
 PSYoungGen      total 137728K, used 128512K [0x00000000e3100000, 0x00000000ecc00000, 0x0000000100000000)
  eden space 128512K, 100% used [0x00000000e3100000,0x00000000eae80000,0x00000000eae80000)
  from space 9216K, 0% used [0x00000000eae80000,0x00000000eae80000,0x00000000eb780000)
  to   space 11264K, 0% used [0x00000000ec100000,0x00000000ec100000,0x00000000ecc00000)
 ParOldGen       total 72192K, used 19263K [0x00000000a9200000, 0x00000000ad880000, 0x00000000e3100000)
  object space 72192K, 26% used [0x00000000a9200000,0x00000000aa4cff08,0x00000000ad880000)
 Metaspace       used 66167K, capacity 66468K, committed 66944K, reserved 1105920K
  class space    used 9492K, capacity 9571K, committed 9600K, reserved 1048576K
Event: 31.729 GC heap after
Heap after GC invocations=15 (full 3):
 PSYoungGen      total 146432K, used 9777K [0x00000000e3100000, 0x00000000eef00000, 0x0000000100000000)
  eden space 135168K, 0% used [0x00000000e3100000,0x00000000e3100000,0x00000000eb500000)
  from space 11264K, 86% used [0x00000000ec100000,0x00000000eca8c4a8,0x00000000ecc00000)
  to   space 12288K, 0% used [0x00000000eb500000,0x00000000eb500000,0x00000000ec100000)
 ParOldGen       total 72192K, used 19271K [0x00000000a9200000, 0x00000000ad880000, 0x00000000e3100000)
  object space 72192K, 26% used [0x00000000a9200000,0x00000000aa4d1f08,0x00000000ad880000)
 Metaspace       used 66167K, capacity 66468K, committed 66944K, reserved 1105920K
  class space    used 9492K, capacity 9571K, committed 9600K, reserved 1048576K
}
Event: 42.530 GC heap before
{Heap before GC invocations=16 (full 3):
 PSYoungGen      total 146432K, used 143134K [0x00000000e3100000, 0x00000000eef00000, 0x0000000100000000)
  eden space 135168K, 98% used [0x00000000e3100000,0x00000000eb33b378,0x00000000eb500000)
  from space 11264K, 86% used [0x00000000ec100000,0x00000000eca8c4a8,0x00000000ecc00000)
  to   space 12288K, 0% used [0x00000000eb500000,0x00000000eb500000,0x00000000ec100000)
 ParOldGen       total 72192K, used 19271K [0x00000000a9200000, 0x00000000ad880000, 0x00000000e3100000)
  object space 72192K, 26% used [0x00000000a9200000,0x00000000aa4d1f08,0x00000000ad880000)
 Metaspace       used 75390K, capacity 75878K, committed 76160K, reserved 1114112K
  class space    used 10914K, capacity 11035K, committed 11136K, reserved 1048576K
Event: 42.561 GC heap after
Heap after GC invocations=16 (full 3):
 PSYoungGen      total 147456K, used 10222K [0x00000000e3100000, 0x00000000ef380000, 0x0000000100000000)
  eden space 135168K, 0% used [0x00000000e3100000,0x00000000e3100000,0x00000000eb500000)
  from space 12288K, 83% used [0x00000000eb500000,0x00000000ebefba10,0x00000000ec100000)
  to   space 12800K, 0% used [0x00000000ee700000,0x00000000ee700000,0x00000000ef380000)
 ParOldGen       total 72192K, used 22495K [0x00000000a9200000, 0x00000000ad880000, 0x00000000e3100000)
  object space 72192K, 31% used [0x00000000a9200000,0x00000000aa7f7eb8,0x00000000ad880000)
 Metaspace       used 75390K, capacity 75878K, committed 76160K, reserved 1114112K
  class space    used 10914K, capacity 11035K, committed 11136K, reserved 1048576K
}
Event: 69.740 GC heap before
{Heap before GC invocations=17 (full 3):
 PSYoungGen      total 147456K, used 136622K [0x00000000e3100000, 0x00000000ef380000, 0x0000000100000000)
  eden space 135168K, 93% used [0x00000000e3100000,0x00000000eac701d0,0x00000000eb500000)
  from space 12288K, 83% used [0x00000000eb500000,0x00000000ebefba10,0x00000000ec100000)
  to   space 12800K, 0% used [0x00000000ee700000,0x00000000ee700000,0x00000000ef380000)
 ParOldGen       total 72192K, used 22495K [0x00000000a9200000, 0x00000000ad880000, 0x00000000e3100000)
  object space 72192K, 31% used [0x00000000a9200000,0x00000000aa7f7eb8,0x00000000ad880000)
 Metaspace       used 77333K, capacity 78018K, committed 78208K, reserved 1116160K
  class space    used 11195K, capacity 11346K, committed 11392K, reserved 1048576K
Event: 69.816 GC heap after
Heap after GC invocations=17 (full 3):
 PSYoungGen      total 175104K, used 6068K [0x00000000e3100000, 0x00000000eed80000, 0x0000000100000000)
  eden space 168448K, 0% used [0x00000000e3100000,0x00000000e3100000,0x00000000ed580000)
  from space 6656K, 91% used [0x00000000ee700000,0x00000000eeced3d0,0x00000000eed80000)
  to   space 12288K, 0% used [0x00000000ed580000,0x00000000ed580000,0x00000000ee180000)
 ParOldGen       total 72192K, used 22503K [0x00000000a9200000, 0x00000000ad880000, 0x00000000e3100000)
  object space 72192K, 31% used [0x00000000a9200000,0x00000000aa7f9eb8,0x00000000ad880000)
 Metaspace       used 77333K, capacity 78018K, committed 78208K, reserved 1116160K
  class space    used 11195K, capacity 11346K, committed 11392K, reserved 1048576K
}
Event: 76.679 GC heap before
{Heap before GC invocations=18 (full 3):
 PSYoungGen      total 175104K, used 174497K [0x00000000e3100000, 0x00000000eed80000, 0x0000000100000000)
  eden space 168448K, 99% used [0x00000000e3100000,0x00000000ed57b1a0,0x00000000ed580000)
  from space 6656K, 91% used [0x00000000ee700000,0x00000000eeced3d0,0x00000000eed80000)
  to   space 12288K, 0% used [0x00000000ed580000,0x00000000ed580000,0x00000000ee180000)
 ParOldGen       total 72192K, used 22503K [0x00000000a9200000, 0x00000000ad880000, 0x00000000e3100000)
  object space 72192K, 31% used [0x00000000a9200000,0x00000000aa7f9eb8,0x00000000ad880000)
 Metaspace       used 78247K, capacity 79034K, committed 79360K, reserved 1118208K
  class space    used 11279K, capacity 11438K, committed 11520K, reserved 1048576K
Event: 77.065 GC heap after
Heap after GC invocations=18 (full 3):
 PSYoungGen      total 180736K, used 5582K [0x00000000e3100000, 0x00000000f1e80000, 0x0000000100000000)
  eden space 168448K, 0% used [0x00000000e3100000,0x00000000e3100000,0x00000000ed580000)
  from space 12288K, 45% used [0x00000000ed580000,0x00000000edaf3a38,0x00000000ee180000)
  to   space 12288K, 0% used [0x00000000f1280000,0x00000000f1280000,0x00000000f1e80000)
 ParOldGen       total 72192K, used 22503K [0x00000000a9200000, 0x00000000ad880000, 0x00000000e3100000)
  object space 72192K, 31% used [0x00000000a9200000,0x00000000aa7f9eb8,0x00000000ad880000)
 Metaspace       used 78247K, capacity 79034K, committed 79360K, reserved 1118208K
  class space    used 11279K, capacity 11438K, committed 11520K, reserved 1048576K
}
Event: 132.077 GC heap before
{Heap before GC invocations=19 (full 3):
 PSYoungGen      total 180736K, used 174030K [0x00000000e3100000, 0x00000000f1e80000, 0x0000000100000000)
  eden space 168448K, 100% used [0x00000000e3100000,0x00000000ed580000,0x00000000ed580000)
  from space 12288K, 45% used [0x00000000ed580000,0x00000000edaf3a38,0x00000000ee180000)
  to   space 12288K, 0% used [0x00000000f1280000,0x00000000f1280000,0x00000000f1e80000)
 ParOldGen       total 72192K, used 22503K [0x00000000a9200000, 0x00000000ad880000, 0x00000000e3100000)
  object space 72192K, 31% used [0x00000000a9200000,0x00000000aa7f9eb8,0x00000000ad880000)
 Metaspace       used 81583K, capacity 82566K, committed 82688K, reserved 1120256K
  class space    used 11737K, capacity 11921K, committed 12032K, reserved 1048576K
Event: 132.257 GC heap after
Heap after GC invocations=19 (full 3):
 PSYoungGen      total 218624K, used 6501K [0x00000000e3100000, 0x00000000f1900000, 0x0000000100000000)
  eden space 211968K, 0% used [0x00000000e3100000,0x00000000e3100000,0x00000000f0000000)
  from space 6656K, 97% used [0x00000000f1280000,0x00000000f18d9688,0x00000000f1900000)
  to   space 11776K, 0% used [0x00000000f0200000,0x00000000f0200000,0x00000000f0d80000)
 ParOldGen       total 72192K, used 25029K [0x00000000a9200000, 0x00000000ad880000, 0x00000000e3100000)
  object space 72192K, 34% used [0x00000000a9200000,0x00000000aaa716b0,0x00000000ad880000)
 Metaspace       used 81583K, capacity 82566K, committed 82688K, reserved 1120256K
  class space    used 11737K, capacity 11921K, committed 12032K, reserved 1048576K
}
Event: 145.425 GC heap before
{Heap before GC invocations=20 (full 3):
 PSYoungGen      total 218624K, used 217370K [0x00000000e3100000, 0x00000000f1900000, 0x0000000100000000)
  eden space 211968K, 99% used [0x00000000e3100000,0x00000000efeed1c8,0x00000000f0000000)
  from space 6656K, 97% used [0x00000000f1280000,0x00000000f18d9688,0x00000000f1900000)
  to   space 11776K, 0% used [0x00000000f0200000,0x00000000f0200000,0x00000000f0d80000)
 ParOldGen       total 72192K, used 25029K [0x00000000a9200000, 0x00000000ad880000, 0x00000000e3100000)
  object space 72192K, 34% used [0x00000000a9200000,0x00000000aaa716b0,0x00000000ad880000)
 Metaspace       used 82254K, capacity 83354K, committed 83456K, reserved 1120256K
  class space    used 11795K, capacity 12000K, committed 12032K, reserved 1048576K

